Using pre-set license

 COMMAND LINE ARGUMENTS:
/Applications/Unity/Hub/Editor/2020.3.7f1/Unity.app/Contents/MacOS/Unity
-adb2
-batchMode
-noUpm
-name
AssetImportWorker0
-projectPath
/Users/paula/Documents/BurnV2
-logFile
Logs/AssetImportWorker0.log
-srvPort
52840
Successfully changed project path to: /Users/paula/Documents/BurnV2
/Users/paula/Documents/BurnV2
Using Asset Import Pipeline V2.
Refreshing native plugins compatible for Editor in 38.65 ms, found 1 plugins.
Preloading 0 native plugins for Editor in 0.00 ms.
Initialize engine version: 2020.3.7f1 (dd97f2c94397)
[Subsystems] Discovering subsystems at path /Applications/Unity/Hub/Editor/2020.3.7f1/Unity.app/Contents/Resources/UnitySubsystems
[Subsystems] Discovering subsystems at path /Users/paula/Documents/BurnV2/Assets
GfxDevice: creating device client; threaded=0
2022-12-29 11:25:24.138 Unity[45536:1235570] Color LCD preferred device: Intel(R) Iris(TM) Plus Graphics 655 (low power)
2022-12-29 11:25:24.138 Unity[45536:1235570] Metal devices available: 1
2022-12-29 11:25:24.138 Unity[45536:1235570] 0: Intel(R) Iris(TM) Plus Graphics 655 (low power)
2022-12-29 11:25:24.138 Unity[45536:1235570] Using device Intel(R) Iris(TM) Plus Graphics 655 (low power)
Initializing Metal device caps: Intel(R) Iris(TM) Plus Graphics 655
Initialize mono
Mono path[0] = '/Applications/Unity/Hub/Editor/2020.3.7f1/Unity.app/Contents/Managed'
Mono path[1] = '/Applications/Unity/Hub/Editor/2020.3.7f1/Unity.app/Contents/MonoBleedingEdge/lib/mono/unityjit'
Mono config path = '/Applications/Unity/Hub/Editor/2020.3.7f1/Unity.app/Contents/MonoBleedingEdge/etc'
Using monoOptions --debugger-agent=transport=dt_socket,embedding=1,server=y,suspend=n,address=127.0.0.1:56536
Begin MonoManager ReloadAssembly
Registering precompiled unity dll's ...
Register platform support module: /Applications/Unity/Hub/Editor/2020.3.7f1/Unity.app/Contents/PlaybackEngines/MacStandaloneSupport/UnityEditor.OSXStandalone.Extensions.dll
Registered in 0.001927 seconds.
Native extension for OSXStandalone target not found
Refreshing native plugins compatible for Editor in 34.36 ms, found 1 plugins.
Preloading 0 native plugins for Editor in 0.00 ms.
Mono: successfully reloaded assembly
- Completed reload, in  1.269 seconds
Platform modules already initialized, skipping
Registering precompiled user dll's ...
Registered in 0.001032 seconds.
Begin MonoManager ReloadAssembly
Native extension for OSXStandalone target not found
Refreshing native plugins compatible for Editor in 0.35 ms, found 1 plugins.
Preloading 0 native plugins for Editor in 0.00 ms.
Mono: successfully reloaded assembly
- Completed reload, in  1.136 seconds
Platform modules already initialized, skipping
========================================================================
Worker process is ready to serve import requests
Launching external process: /Applications/Unity/Hub/Editor/2020.3.7f1/Unity.app/Contents/Tools/UnityShaderCompiler
Launched and connected shader compiler UnityShaderCompiler after 0.01 seconds
Refreshing native plugins compatible for Editor in 0.33 ms, found 1 plugins.
Preloading 0 native plugins for Editor in 0.00 ms.
Unloading 1452 Unused Serialized files (Serialized files now loaded: 0)
System memory in use before: 138.6 MB.
System memory in use after: 138.7 MB.

Unloading 10 unused Assets to reduce memory usage. Loaded Objects now: 1900.
Total: 2.869602 ms (FindLiveObjects: 0.370342 ms CreateObjectMapping: 0.092800 ms MarkObjects: 2.249148 ms  DeleteObjects: 0.155520 ms)

========================================================================
Received Import Request.
  path: Assets/Art/Textures/Skybox/Stars_basecolor.png
  artifactKey: Guid(f1e6b5ad477b34964ae48b88561bbf03) Importer(815301076,1909f56bfc062723c751e8b465ee728b)
Start importing Assets/Art/Textures/Skybox/Stars_basecolor.png using Guid(f1e6b5ad477b34964ae48b88561bbf03) Importer(815301076,1909f56bfc062723c751e8b465ee728b)  -> (artifact id: '09ae4ca7db5800cafe9968acb47959a8') in 1.447988 seconds
  Import took 1.451184 seconds .

========================================================================
Received Import Request.
  Time since last request: 0.000329 seconds.
  path: Assets/Art/Textures/Grass/Grass_roughness.png
  artifactKey: Guid(d29ce2ffa6c17354184da0609908b0bb) Importer(815301076,1909f56bfc062723c751e8b465ee728b)
Start importing Assets/Art/Textures/Grass/Grass_roughness.png using Guid(d29ce2ffa6c17354184da0609908b0bb) Importer(815301076,1909f56bfc062723c751e8b465ee728b)  -> (artifact id: '88885c053422283232f3b586b0d1e447') in 0.013114 seconds
  Import took 0.016479 seconds .

========================================================================
Received Import Request.
  Time since last request: 0.000205 seconds.
  path: Assets/Art/Textures/Grass/Grass_ambientocclusion.png
  artifactKey: Guid(48fcbf2a083da974881ba991d278b0e1) Importer(815301076,1909f56bfc062723c751e8b465ee728b)
Start importing Assets/Art/Textures/Grass/Grass_ambientocclusion.png using Guid(48fcbf2a083da974881ba991d278b0e1) Importer(815301076,1909f56bfc062723c751e8b465ee728b)  -> (artifact id: '375181da9370b4732e98b824acc0ec89') in 0.008436 seconds
  Import took 0.011081 seconds .

========================================================================
Received Import Request.
  Time since last request: 0.000219 seconds.
  path: Assets/Art/Textures/Grass/Grass_normal.png
  artifactKey: Guid(86ed7c2771893614ca4462095b7483be) Importer(815301076,1909f56bfc062723c751e8b465ee728b)
Start importing Assets/Art/Textures/Grass/Grass_normal.png using Guid(86ed7c2771893614ca4462095b7483be) Importer(815301076,1909f56bfc062723c751e8b465ee728b)  -> (artifact id: '121bbbb26ab22d251d8528f17cb805c3') in 0.035936 seconds
  Import took 0.038728 seconds .

========================================================================
Received Import Request.
  Time since last request: 0.000233 seconds.
  path: Assets/Art/Textures/Grass/Grass_basecolor.png
  artifactKey: Guid(871a53f73c2e00445860851abaa48902) Importer(815301076,1909f56bfc062723c751e8b465ee728b)
Start importing Assets/Art/Textures/Grass/Grass_basecolor.png using Guid(871a53f73c2e00445860851abaa48902) Importer(815301076,1909f56bfc062723c751e8b465ee728b)  -> (artifact id: '684357414f019c99ec42f04516d90557') in 0.009826 seconds
  Import took 0.012895 seconds .

========================================================================
Received Import Request.
  Time since last request: 1.150448 seconds.
  path: Assets/Art/Textures/Signs/sign2.png
  artifactKey: Guid(831d24b789cfc4e50802ba5275da227f) Importer(815301076,1909f56bfc062723c751e8b465ee728b)
Start importing Assets/Art/Textures/Signs/sign2.png using Guid(831d24b789cfc4e50802ba5275da227f) Importer(815301076,1909f56bfc062723c751e8b465ee728b)  -> (artifact id: '9b2f5a2683ab7516841c4b580216c9f2') in 0.008426 seconds
  Import took 0.011562 seconds .

========================================================================
Received Import Request.
  Time since last request: 0.004193 seconds.
  path: Assets/Art/Textures/Signs/sign2.png
  artifactKey: Guid(831d24b789cfc4e50802ba5275da227f) Importer(815301076,1909f56bfc062723c751e8b465ee728b)
Start importing Assets/Art/Textures/Signs/sign2.png using Guid(831d24b789cfc4e50802ba5275da227f) Importer(815301076,1909f56bfc062723c751e8b465ee728b)  -> (artifact id: '9b2f5a2683ab7516841c4b580216c9f2') in 0.007933 seconds
  Import took 0.012196 seconds .

========================================================================
Received Import Request.
  Time since last request: 0.000807 seconds.
  path: Assets/Art/Textures/Signs/sign3.png
  artifactKey: Guid(945af9c1451944dcda24ad281c3b1a32) Importer(815301076,1909f56bfc062723c751e8b465ee728b)
Start importing Assets/Art/Textures/Signs/sign3.png using Guid(945af9c1451944dcda24ad281c3b1a32) Importer(815301076,1909f56bfc062723c751e8b465ee728b)  -> (artifact id: '8a2191e19e2e4ef7257bcf2370a1f521') in 0.012550 seconds
  Import took 0.019110 seconds .

========================================================================
Received Import Request.
  Time since last request: 0.025890 seconds.
  path: Assets/Art/Textures/Signs/sign3.png
  artifactKey: Guid(945af9c1451944dcda24ad281c3b1a32) Importer(815301076,1909f56bfc062723c751e8b465ee728b)
Start importing Assets/Art/Textures/Signs/sign3.png using Guid(945af9c1451944dcda24ad281c3b1a32) Importer(815301076,1909f56bfc062723c751e8b465ee728b)  -> (artifact id: '8a2191e19e2e4ef7257bcf2370a1f521') in 0.017770 seconds
  Import took 0.021262 seconds .

========================================================================
Received Prepare
Registering precompiled user dll's ...
Registered in 0.000542 seconds.
Begin MonoManager ReloadAssembly
Native extension for OSXStandalone target not found
Refreshing native plugins compatible for Editor in 0.30 ms, found 1 plugins.
Preloading 0 native plugins for Editor in 0.00 ms.
Mono: successfully reloaded assembly
- Completed reload, in  1.022 seconds
Platform modules already initialized, skipping
Refreshing native plugins compatible for Editor in 0.45 ms, found 1 plugins.
Preloading 0 native plugins for Editor in 0.00 ms.
Unloading 1393 Unused Serialized files (Serialized files now loaded: 0)
System memory in use before: 141.5 MB.
System memory in use after: 141.6 MB.

Unloading 5 unused Assets to reduce memory usage. Loaded Objects now: 1908.
Total: 1.935077 ms (FindLiveObjects: 0.194105 ms CreateObjectMapping: 0.069992 ms MarkObjects: 1.653155 ms  DeleteObjects: 0.016388 ms)

========================================================================
Received Prepare
Registering precompiled user dll's ...
Registered in 0.000742 seconds.
Begin MonoManager ReloadAssembly
Native extension for OSXStandalone target not found
Refreshing native plugins compatible for Editor in 0.31 ms, found 1 plugins.
Preloading 0 native plugins for Editor in 0.00 ms.
Mono: successfully reloaded assembly
- Completed reload, in  0.951 seconds
Platform modules already initialized, skipping
Refreshing native plugins compatible for Editor in 0.48 ms, found 1 plugins.
Preloading 0 native plugins for Editor in 0.00 ms.
Unloading 1393 Unused Serialized files (Serialized files now loaded: 0)
System memory in use before: 142.2 MB.
System memory in use after: 142.3 MB.

Unloading 5 unused Assets to reduce memory usage. Loaded Objects now: 1911.
Total: 2.070813 ms (FindLiveObjects: 0.203372 ms CreateObjectMapping: 0.063238 ms MarkObjects: 1.785270 ms  DeleteObjects: 0.017280 ms)

========================================================================
Received Import Request.
  Time since last request: 414.328966 seconds.
  path: Assets/Art/Materials/SkyBox/SkyBox_Mat.mat
  artifactKey: Guid(db43b703f4b7849939f754bdbdfb3348) Importer(815301076,1909f56bfc062723c751e8b465ee728b)
Start importing Assets/Art/Materials/SkyBox/SkyBox_Mat.mat using Guid(db43b703f4b7849939f754bdbdfb3348) Importer(815301076,1909f56bfc062723c751e8b465ee728b)  -> (artifact id: '0bb0fcd225a3fa53cc5fb5c61a9abf13') in 1.465894 seconds
  Import took 1.469646 seconds .

========================================================================
Received Import Request.
  Time since last request: 142.955486 seconds.
  path: Assets/Art/Materials/Environment/Firelight_Mat.mat
  artifactKey: Guid(3f4b8f688a827ff4e924211cb5298e91) Importer(815301076,1909f56bfc062723c751e8b465ee728b)
Start importing Assets/Art/Materials/Environment/Firelight_Mat.mat using Guid(3f4b8f688a827ff4e924211cb5298e91) Importer(815301076,1909f56bfc062723c751e8b465ee728b)  -> (artifact id: '395f30b28be6b77902a627a499bc7160') in 0.026787 seconds
  Import took 0.030916 seconds .

========================================================================
Received Prepare
Registering precompiled user dll's ...
Registered in 0.001646 seconds.
Begin MonoManager ReloadAssembly
Native extension for OSXStandalone target not found
Refreshing native plugins compatible for Editor in 0.49 ms, found 1 plugins.
Preloading 0 native plugins for Editor in 0.00 ms.
Mono: successfully reloaded assembly
- Completed reload, in  1.013 seconds
Platform modules already initialized, skipping
Refreshing native plugins compatible for Editor in 0.33 ms, found 1 plugins.
Preloading 0 native plugins for Editor in 0.00 ms.
Unloading 1393 Unused Serialized files (Serialized files now loaded: 0)
System memory in use before: 147.7 MB.
System memory in use after: 147.8 MB.

Unloading 5 unused Assets to reduce memory usage. Loaded Objects now: 1953.
Total: 2.250624 ms (FindLiveObjects: 0.210945 ms CreateObjectMapping: 0.068292 ms MarkObjects: 1.953481 ms  DeleteObjects: 0.016284 ms)

========================================================================
Received Import Request.
  Time since last request: 119.377497 seconds.
  path: Assets/Art/Materials/Environment/Firelight_Mat.mat
  artifactKey: Guid(3f4b8f688a827ff4e924211cb5298e91) Importer(815301076,1909f56bfc062723c751e8b465ee728b)
Start importing Assets/Art/Materials/Environment/Firelight_Mat.mat using Guid(3f4b8f688a827ff4e924211cb5298e91) Importer(815301076,1909f56bfc062723c751e8b465ee728b)  -> (artifact id: 'a94ffd66f2fbb93618cae9eb88884a16') in 0.096526 seconds
  Import took 0.100117 seconds .

========================================================================
Received Import Request.
  Time since last request: 187.907128 seconds.
  path: Assets/Art/Materials/SkyBox/SkyBox_Mat.mat
  artifactKey: Guid(db43b703f4b7849939f754bdbdfb3348) Importer(815301076,1909f56bfc062723c751e8b465ee728b)
Start importing Assets/Art/Materials/SkyBox/SkyBox_Mat.mat using Guid(db43b703f4b7849939f754bdbdfb3348) Importer(815301076,1909f56bfc062723c751e8b465ee728b)  -> (artifact id: '8b74acd0dc5fd74c1f121907658ba0f8') in 0.039955 seconds
  Import took 0.047745 seconds .

========================================================================
Received Import Request.
  Time since last request: 225.489089 seconds.
  path: Assets/Art/Materials/SkyBox/SkyBox_Mat.mat
  artifactKey: Guid(db43b703f4b7849939f754bdbdfb3348) Importer(815301076,1909f56bfc062723c751e8b465ee728b)
Start importing Assets/Art/Materials/SkyBox/SkyBox_Mat.mat using Guid(db43b703f4b7849939f754bdbdfb3348) Importer(815301076,1909f56bfc062723c751e8b465ee728b)  -> (artifact id: '2be89eb60cf585b8820564732a6fdd9b') in 0.029849 seconds
  Import took 0.034977 seconds .

========================================================================
Received Import Request.
  Time since last request: 20.410830 seconds.
  path: Assets/Art/Materials/SkyBox/SkyBox_Mat.mat
  artifactKey: Guid(db43b703f4b7849939f754bdbdfb3348) Importer(815301076,1909f56bfc062723c751e8b465ee728b)
Start importing Assets/Art/Materials/SkyBox/SkyBox_Mat.mat using Guid(db43b703f4b7849939f754bdbdfb3348) Importer(815301076,1909f56bfc062723c751e8b465ee728b)  -> (artifact id: '7dad20c5d8263c7c968d43c679a3f31d') in 0.031624 seconds
  Import took 0.037444 seconds .

========================================================================
Received Import Request.
  Time since last request: 29.129002 seconds.
  path: Assets/Art/Materials/Test/FlameParticle_Mat.mat
  artifactKey: Guid(c08ed0baf279a9c43bf956ef534b9d36) Importer(815301076,1909f56bfc062723c751e8b465ee728b)
Start importing Assets/Art/Materials/Test/FlameParticle_Mat.mat using Guid(c08ed0baf279a9c43bf956ef534b9d36) Importer(815301076,1909f56bfc062723c751e8b465ee728b)  -> (artifact id: 'ee629b95e9a678521003f00caab48f02') in 0.039880 seconds
  Import took 0.044145 seconds .

========================================================================
Received Import Request.
  Time since last request: 207.885853 seconds.
  path: Assets/Art/Textures/Grass/GrassMask.png
  artifactKey: Guid(aa30ecfc7886147128a0cf6b82c9116d) Importer(815301076,1909f56bfc062723c751e8b465ee728b)
Start importing Assets/Art/Textures/Grass/GrassMask.png using Guid(aa30ecfc7886147128a0cf6b82c9116d) Importer(815301076,1909f56bfc062723c751e8b465ee728b)  -> (artifact id: 'c90cad11c3a91a71e7e6d8b464d23a28') in 0.017441 seconds
  Import took 0.020364 seconds .

========================================================================
Received Import Request.
  Time since last request: 0.042893 seconds.
  path: Assets/Art/Textures/Grass/GrassMask.png
  artifactKey: Guid(aa30ecfc7886147128a0cf6b82c9116d) Importer(815301076,1909f56bfc062723c751e8b465ee728b)
Start importing Assets/Art/Textures/Grass/GrassMask.png using Guid(aa30ecfc7886147128a0cf6b82c9116d) Importer(815301076,1909f56bfc062723c751e8b465ee728b)  -> (artifact id: 'c90cad11c3a91a71e7e6d8b464d23a28') in 0.008259 seconds
  Import took 0.011726 seconds .

========================================================================
Received Import Request.
  Time since last request: 371.839743 seconds.
  path: Assets/Art/Models/Wooden/Log 1.fbx
  artifactKey: Guid(da33d846e335cd944bde9e9715f329a4) Importer(815301076,1909f56bfc062723c751e8b465ee728b)
Start importing Assets/Art/Models/Wooden/Log 1.fbx using Guid(da33d846e335cd944bde9e9715f329a4) Importer(815301076,1909f56bfc062723c751e8b465ee728b)  -> (artifact id: '517dcad1f1996dcf21c9105390b7ef57') in 0.137955 seconds
  Import took 0.141765 seconds .

========================================================================
Received Import Request.
  Time since last request: 0.921327 seconds.
  path: Assets/Art/Models/cylinder.fbx
  artifactKey: Guid(6db107fa5e9e94ff18f7fd9f0b9ff258) Importer(815301076,1909f56bfc062723c751e8b465ee728b)
Start importing Assets/Art/Models/cylinder.fbx using Guid(6db107fa5e9e94ff18f7fd9f0b9ff258) Importer(815301076,1909f56bfc062723c751e8b465ee728b)  -> (artifact id: '7280c5d5cbcd110429a6fad6f4ab128d') in 0.016713 seconds
  Import took 0.019874 seconds .

========================================================================
Received Import Request.
  Time since last request: 11.604088 seconds.
  path: Assets/Art/Materials/Test/SootSprite_Mat.mat
  artifactKey: Guid(e6b2835f7e4cb1b42bf813b96af9b59f) Importer(815301076,1909f56bfc062723c751e8b465ee728b)
Start importing Assets/Art/Materials/Test/SootSprite_Mat.mat using Guid(e6b2835f7e4cb1b42bf813b96af9b59f) Importer(815301076,1909f56bfc062723c751e8b465ee728b)  -> (artifact id: 'aefff87db2ef6e75cf2311f86290f2e9') in 0.017473 seconds
  Import took 0.021156 seconds .

========================================================================
Received Import Request.
  Time since last request: 21.715566 seconds.
  path: Assets/Art/Models/cylinder.fbx
  artifactKey: Guid(6db107fa5e9e94ff18f7fd9f0b9ff258) Importer(815301076,1909f56bfc062723c751e8b465ee728b)
Start importing Assets/Art/Models/cylinder.fbx using Guid(6db107fa5e9e94ff18f7fd9f0b9ff258) Importer(815301076,1909f56bfc062723c751e8b465ee728b)  -> (artifact id: '3263697da9fb20b94aef6134c6016317') in 0.051704 seconds
  Import took 0.056112 seconds .

========================================================================
Received Import Request.
  Time since last request: 27.745458 seconds.
  path: Assets/Art/Models/cylinder.fbx
  artifactKey: Guid(6db107fa5e9e94ff18f7fd9f0b9ff258) Importer(815301076,1909f56bfc062723c751e8b465ee728b)
Start importing Assets/Art/Models/cylinder.fbx using Guid(6db107fa5e9e94ff18f7fd9f0b9ff258) Importer(815301076,1909f56bfc062723c751e8b465ee728b)  -> (artifact id: '1f3c5010d7196f93478d39e5f7c32683') in 0.057022 seconds
  Import took 0.060661 seconds .

========================================================================
Received Import Request.
  Time since last request: 27.644769 seconds.
  path: Assets/Art/Models/cylinder.fbx
  artifactKey: Guid(6db107fa5e9e94ff18f7fd9f0b9ff258) Importer(815301076,1909f56bfc062723c751e8b465ee728b)
Start importing Assets/Art/Models/cylinder.fbx using Guid(6db107fa5e9e94ff18f7fd9f0b9ff258) Importer(815301076,1909f56bfc062723c751e8b465ee728b)  -> (artifact id: '23c54239b38a97338671b9cd576a265c') in 0.067233 seconds
  Import took 0.072104 seconds .

========================================================================
Received Import Request.
  Time since last request: 0.008488 seconds.
  path: Assets/Art/Models/cylinder.fbx
  artifactKey: Guid(6db107fa5e9e94ff18f7fd9f0b9ff258) Importer(815301076,1909f56bfc062723c751e8b465ee728b)
Start importing Assets/Art/Models/cylinder.fbx using Guid(6db107fa5e9e94ff18f7fd9f0b9ff258) Importer(815301076,1909f56bfc062723c751e8b465ee728b)  -> (artifact id: '23c54239b38a97338671b9cd576a265c') in 0.049526 seconds
  Import took 0.053235 seconds .

========================================================================
Received Import Request.
  Time since last request: 3662.496961 seconds.
  path: Assets/Art/Models/cylinder.fbx
  artifactKey: Guid(6db107fa5e9e94ff18f7fd9f0b9ff258) Importer(815301076,1909f56bfc062723c751e8b465ee728b)
Start importing Assets/Art/Models/cylinder.fbx using Guid(6db107fa5e9e94ff18f7fd9f0b9ff258) Importer(815301076,1909f56bfc062723c751e8b465ee728b)  -> (artifact id: 'eb30195f7817dc8394532ee433785297') in 0.037437 seconds
  Import took 0.042153 seconds .

========================================================================
Received Import Request.
  Time since last request: 1994.259225 seconds.
  path: Assets/Art/Shaders/Decal.shader
  artifactKey: Guid(865d4a46ed50b4c8a915587459829c07) Importer(815301076,1909f56bfc062723c751e8b465ee728b)
Start importing Assets/Art/Shaders/Decal.shader using Guid(865d4a46ed50b4c8a915587459829c07) Importer(815301076,1909f56bfc062723c751e8b465ee728b)  -> (artifact id: '12e3a67e94424a2a6d86181de05a6d47') in 0.441022 seconds
  Import took 0.445150 seconds .

========================================================================
Received Import Request.
  Time since last request: 0.482219 seconds.
  path: Assets/Art/Shaders/Decal.shader
  artifactKey: Guid(865d4a46ed50b4c8a915587459829c07) Importer(815301076,1909f56bfc062723c751e8b465ee728b)
Start importing Assets/Art/Shaders/Decal.shader using Guid(865d4a46ed50b4c8a915587459829c07) Importer(815301076,1909f56bfc062723c751e8b465ee728b)  -> (artifact id: '12e3a67e94424a2a6d86181de05a6d47') in 0.007641 seconds
  Import took 0.013769 seconds .

========================================================================
Received Import Request.
  Time since last request: 1560.130047 seconds.
  path: Assets/Art/Materials/Environment/Grass_Mat.mat
  artifactKey: Guid(33d01120a7903c54bbfa4d3aadde8c2b) Importer(815301076,1909f56bfc062723c751e8b465ee728b)
Start importing Assets/Art/Materials/Environment/Grass_Mat.mat using Guid(33d01120a7903c54bbfa4d3aadde8c2b) Importer(815301076,1909f56bfc062723c751e8b465ee728b)  -> (artifact id: 'ed40f172e1f385666beab87ae2a44f84') in 0.066614 seconds
  Import took 0.086935 seconds .

========================================================================
Received Import Request.
  Time since last request: 47.028419 seconds.
  path: Assets/Art/Materials/Environment/Grass_Mat.mat
  artifactKey: Guid(33d01120a7903c54bbfa4d3aadde8c2b) Importer(815301076,1909f56bfc062723c751e8b465ee728b)
Start importing Assets/Art/Materials/Environment/Grass_Mat.mat using Guid(33d01120a7903c54bbfa4d3aadde8c2b) Importer(815301076,1909f56bfc062723c751e8b465ee728b)  -> (artifact id: '1bb45d3bf96bc9d12b73615bfb0cb111') in 0.032107 seconds
  Import took 0.038880 seconds .

========================================================================
Received Import Request.
  Time since last request: 35.604835 seconds.
  path: Assets/Art/Materials/Environment/Grass_Mat.mat
  artifactKey: Guid(33d01120a7903c54bbfa4d3aadde8c2b) Importer(815301076,1909f56bfc062723c751e8b465ee728b)
Start importing Assets/Art/Materials/Environment/Grass_Mat.mat using Guid(33d01120a7903c54bbfa4d3aadde8c2b) Importer(815301076,1909f56bfc062723c751e8b465ee728b)  -> (artifact id: 'cc79fd890e333b76d5ca91d95d8e729a') in 0.041426 seconds
  Import took 0.048169 seconds .

